<?xml version="1.0" encoding="UTF-8"?>
<testng-results skipped="0" failed="0" ignored="0" total="1" passed="1">
  <reporter-output>
  </reporter-output>
  <suite name="Default suite" duration-ms="16921" started-at="2020-01-05T09:02:00 CST" finished-at="2020-01-05T09:02:17 CST">
    <groups>
    </groups>
    <test name="Default test" duration-ms="16921" started-at="2020-01-05T09:02:00 CST" finished-at="2020-01-05T09:02:17 CST">
      <class name="handlewindow">
        <test-method status="PASS" signature="ScrollHorizontally()[pri:0, instance:handlewindow@52a86356]" name="ScrollHorizontally" duration-ms="16877" started-at="2020-01-05T09:02:00 CST" finished-at="2020-01-05T09:02:17 CST">
          <reporter-output>
          </reporter-output>
        </test-method> <!-- ScrollHorizontally -->
      </class> <!-- handlewindow -->
    </test> <!-- Default test -->
  </suite> <!-- Default suite -->
</testng-results>
